Terminals unused in grammar

   TK_DYNAMIC_TYPE
   TK_NUMBER_TYPE
   TK_NOT
   TK_NOT_EQUALS_RELAT
   TK_EQUALS_RELAT
   TK_PLUS_EQUAL
   TK_MINUS_EQUAL
   TK_MULTIPLIES_EQUAL
   TK_DIVIDES_EQUAL
   TK_DOUBLE_COLON
   TK_SHIFT_RIGHT
   '^'
   '('
   ')'


State 46 conflicts: 8 shift/reduce
State 47 conflicts: 8 shift/reduce
State 48 conflicts: 8 shift/reduce
State 49 conflicts: 3 shift/reduce
State 50 conflicts: 3 shift/reduce
State 51 conflicts: 3 shift/reduce
State 52 conflicts: 3 shift/reduce
State 53 conflicts: 3 shift/reduce


Grammar

    0 $accept: S $end

    1 S: MAIN

    2 MAIN: TK_START BLOCK

    3 BLOCK: ':' COMMANDS TK_END '\n'

    4 IF_COMMAND: TK_IF EXP BLOCK
    5           | TK_IF EXP ':' COMMANDS ELSE_BLOCK
    6           | TK_IF EXP ':' COMMANDS ELIF_BLOCK

    7 ELIF_BLOCK: TK_ELIF EXP BLOCK
    8           | TK_ELIF EXP ':' COMMANDS ELIF_BLOCK
    9           | TK_ELIF EXP ':' COMMANDS ELSE_BLOCK

   10 ELSE_BLOCK: TK_ELSE BLOCK

   11 COMMANDS: COMMAND COMMANDS
   12         | %empty

   13 COMMAND: EXP '\n'
   14        | ATTR '\n'
   15        | IF_COMMAND
   16        | '\n'
   17        | TK_OUT_LINE TK_SHIFT_LEFT EXP '\n'

   18 ATTR: TK_TYPE TK_ID
   19     | TK_NUMBER TK_ID
   20     | TK_TYPE TK_ID '=' EXP
   21     | TK_NUMBER TK_ID '=' EXP
   22     | TK_ID '=' EXP

   23 EXP: EXP '+' EXP
   24    | EXP '-' EXP
   25    | EXP '*' EXP
   26    | EXP '/' EXP
   27    | EXP '%' EXP
   28    | EXP TK_RELAT EXP
   29    | EXP TK_OR EXP
   30    | EXP TK_AND EXP
   31    | TK_REAL
   32    | TK_CHAR
   33    | TK_BOOL
   34    | TK_ID


Terminals, with rules where they appear

$end (0) 0
'\n' (10) 3 13 14 16 17
'%' (37) 27
'(' (40)
')' (41)
'*' (42) 25
'+' (43) 23
'-' (45) 24
'/' (47) 26
':' (58) 3 5 6 8 9
'=' (61) 20 21 22
'^' (94)
error (256)
TK_START (258) 2
TK_END (259) 3
TK_TYPE (260) 18 20
TK_DYNAMIC_TYPE (261)
TK_NUMBER (262) 19 21
TK_NUMBER_TYPE (263)
TK_ID (264) 18 19 20 21 22 34
TK_IF (265) 4 5 6
TK_ELIF (266) 7 8 9
TK_ELSE (267) 10
TK_REAL (268) 31
TK_CHAR (269) 32
TK_BOOL (270) 33
TK_OR (271) 29
TK_AND (272) 30
TK_NOT (273)
TK_RELAT (274) 28
TK_NOT_EQUALS_RELAT (275)
TK_EQUALS_RELAT (276)
TK_PLUS_EQUAL (277)
TK_MINUS_EQUAL (278)
TK_MULTIPLIES_EQUAL (279)
TK_DIVIDES_EQUAL (280)
TK_DOUBLE_COLON (281)
TK_SHIFT_LEFT (282) 17
TK_SHIFT_RIGHT (283)
TK_OUT_LINE (284) 17


Nonterminals, with rules where they appear

$accept (41)
    on left: 0
S (42)
    on left: 1, on right: 0
MAIN (43)
    on left: 2, on right: 1
BLOCK (44)
    on left: 3, on right: 2 4 7 10
IF_COMMAND (45)
    on left: 4 5 6, on right: 15
ELIF_BLOCK (46)
    on left: 7 8 9, on right: 6 8
ELSE_BLOCK (47)
    on left: 10, on right: 5 9
COMMANDS (48)
    on left: 11 12, on right: 3 5 6 8 9 11
COMMAND (49)
    on left: 13 14 15 16 17, on right: 11
ATTR (50)
    on left: 18 19 20 21 22, on right: 14
EXP (51)
    on left: 23 24 25 26 27 28 29 30 31 32 33 34, on right: 4 5 6 7
    8 9 13 17 20 21 22 23 24 25 26 27 28 29 30


State 0

    0 $accept: . S $end

    TK_START  shift, and go to state 1

    S     go to state 2
    MAIN  go to state 3


State 1

    2 MAIN: TK_START . BLOCK

    ':'  shift, and go to state 4

    BLOCK  go to state 5


State 2

    0 $accept: S . $end

    $end  shift, and go to state 6


State 3

    1 S: MAIN .

    $default  reduce using rule 1 (S)


State 4

    3 BLOCK: ':' . COMMANDS TK_END '\n'

    TK_TYPE      shift, and go to state 7
    TK_NUMBER    shift, and go to state 8
    TK_ID        shift, and go to state 9
    TK_IF        shift, and go to state 10
    TK_REAL      shift, and go to state 11
    TK_CHAR      shift, and go to state 12
    TK_BOOL      shift, and go to state 13
    TK_OUT_LINE  shift, and go to state 14
    '\n'         shift, and go to state 15

    $default  reduce using rule 12 (COMMANDS)

    IF_COMMAND  go to state 16
    COMMANDS    go to state 17
    COMMAND     go to state 18
    ATTR        go to state 19
    EXP         go to state 20


State 5

    2 MAIN: TK_START BLOCK .

    $default  reduce using rule 2 (MAIN)


State 6

    0 $accept: S $end .

    $default  accept


State 7

   18 ATTR: TK_TYPE . TK_ID
   20     | TK_TYPE . TK_ID '=' EXP

    TK_ID  shift, and go to state 21


State 8

   19 ATTR: TK_NUMBER . TK_ID
   21     | TK_NUMBER . TK_ID '=' EXP

    TK_ID  shift, and go to state 22


State 9

   22 ATTR: TK_ID . '=' EXP
   34 EXP: TK_ID .

    '='  shift, and go to state 23

    $default  reduce using rule 34 (EXP)


State 10

    4 IF_COMMAND: TK_IF . EXP BLOCK
    5           | TK_IF . EXP ':' COMMANDS ELSE_BLOCK
    6           | TK_IF . EXP ':' COMMANDS ELIF_BLOCK

    TK_ID    shift, and go to state 24
    TK_REAL  shift, and go to state 11
    TK_CHAR  shift, and go to state 12
    TK_BOOL  shift, and go to state 13

    EXP  go to state 25


State 11

   31 EXP: TK_REAL .

    $default  reduce using rule 31 (EXP)


State 12

   32 EXP: TK_CHAR .

    $default  reduce using rule 32 (EXP)


State 13

   33 EXP: TK_BOOL .

    $default  reduce using rule 33 (EXP)


State 14

   17 COMMAND: TK_OUT_LINE . TK_SHIFT_LEFT EXP '\n'

    TK_SHIFT_LEFT  shift, and go to state 26


State 15

   16 COMMAND: '\n' .

    $default  reduce using rule 16 (COMMAND)


State 16

   15 COMMAND: IF_COMMAND .

    $default  reduce using rule 15 (COMMAND)


State 17

    3 BLOCK: ':' COMMANDS . TK_END '\n'

    TK_END  shift, and go to state 27


State 18

   11 COMMANDS: COMMAND . COMMANDS

    TK_TYPE      shift, and go to state 7
    TK_NUMBER    shift, and go to state 8
    TK_ID        shift, and go to state 9
    TK_IF        shift, and go to state 10
    TK_REAL      shift, and go to state 11
    TK_CHAR      shift, and go to state 12
    TK_BOOL      shift, and go to state 13
    TK_OUT_LINE  shift, and go to state 14
    '\n'         shift, and go to state 15

    $default  reduce using rule 12 (COMMANDS)

    IF_COMMAND  go to state 16
    COMMANDS    go to state 28
    COMMAND     go to state 18
    ATTR        go to state 19
    EXP         go to state 20


State 19

   14 COMMAND: ATTR . '\n'

    '\n'  shift, and go to state 29


State 20

   13 COMMAND: EXP . '\n'
   23 EXP: EXP . '+' EXP
   24    | EXP . '-' EXP
   25    | EXP . '*' EXP
   26    | EXP . '/' EXP
   27    | EXP . '%' EXP
   28    | EXP . TK_RELAT EXP
   29    | EXP . TK_OR EXP
   30    | EXP . TK_AND EXP

    TK_OR     shift, and go to state 30
    TK_AND    shift, and go to state 31
    TK_RELAT  shift, and go to state 32
    '+'       shift, and go to state 33
    '-'       shift, and go to state 34
    '*'       shift, and go to state 35
    '/'       shift, and go to state 36
    '%'       shift, and go to state 37
    '\n'      shift, and go to state 38


State 21

   18 ATTR: TK_TYPE TK_ID .
   20     | TK_TYPE TK_ID . '=' EXP

    '='  shift, and go to state 39

    $default  reduce using rule 18 (ATTR)


State 22

   19 ATTR: TK_NUMBER TK_ID .
   21     | TK_NUMBER TK_ID . '=' EXP

    '='  shift, and go to state 40

    $default  reduce using rule 19 (ATTR)


State 23

   22 ATTR: TK_ID '=' . EXP

    TK_ID    shift, and go to state 24
    TK_REAL  shift, and go to state 11
    TK_CHAR  shift, and go to state 12
    TK_BOOL  shift, and go to state 13

    EXP  go to state 41


State 24

   34 EXP: TK_ID .

    $default  reduce using rule 34 (EXP)


State 25

    4 IF_COMMAND: TK_IF EXP . BLOCK
    5           | TK_IF EXP . ':' COMMANDS ELSE_BLOCK
    6           | TK_IF EXP . ':' COMMANDS ELIF_BLOCK
   23 EXP: EXP . '+' EXP
   24    | EXP . '-' EXP
   25    | EXP . '*' EXP
   26    | EXP . '/' EXP
   27    | EXP . '%' EXP
   28    | EXP . TK_RELAT EXP
   29    | EXP . TK_OR EXP
   30    | EXP . TK_AND EXP

    TK_OR     shift, and go to state 30
    TK_AND    shift, and go to state 31
    TK_RELAT  shift, and go to state 32
    '+'       shift, and go to state 33
    '-'       shift, and go to state 34
    '*'       shift, and go to state 35
    '/'       shift, and go to state 36
    '%'       shift, and go to state 37
    ':'       shift, and go to state 42

    BLOCK  go to state 43


State 26

   17 COMMAND: TK_OUT_LINE TK_SHIFT_LEFT . EXP '\n'

    TK_ID    shift, and go to state 24
    TK_REAL  shift, and go to state 11
    TK_CHAR  shift, and go to state 12
    TK_BOOL  shift, and go to state 13

    EXP  go to state 44


State 27

    3 BLOCK: ':' COMMANDS TK_END . '\n'

    '\n'  shift, and go to state 45


State 28

   11 COMMANDS: COMMAND COMMANDS .

    $default  reduce using rule 11 (COMMANDS)


State 29

   14 COMMAND: ATTR '\n' .

    $default  reduce using rule 14 (COMMAND)


State 30

   29 EXP: EXP TK_OR . EXP

    TK_ID    shift, and go to state 24
    TK_REAL  shift, and go to state 11
    TK_CHAR  shift, and go to state 12
    TK_BOOL  shift, and go to state 13

    EXP  go to state 46


State 31

   30 EXP: EXP TK_AND . EXP

    TK_ID    shift, and go to state 24
    TK_REAL  shift, and go to state 11
    TK_CHAR  shift, and go to state 12
    TK_BOOL  shift, and go to state 13

    EXP  go to state 47


State 32

   28 EXP: EXP TK_RELAT . EXP

    TK_ID    shift, and go to state 24
    TK_REAL  shift, and go to state 11
    TK_CHAR  shift, and go to state 12
    TK_BOOL  shift, and go to state 13

    EXP  go to state 48


State 33

   23 EXP: EXP '+' . EXP

    TK_ID    shift, and go to state 24
    TK_REAL  shift, and go to state 11
    TK_CHAR  shift, and go to state 12
    TK_BOOL  shift, and go to state 13

    EXP  go to state 49


State 34

   24 EXP: EXP '-' . EXP

    TK_ID    shift, and go to state 24
    TK_REAL  shift, and go to state 11
    TK_CHAR  shift, and go to state 12
    TK_BOOL  shift, and go to state 13

    EXP  go to state 50


State 35

   25 EXP: EXP '*' . EXP

    TK_ID    shift, and go to state 24
    TK_REAL  shift, and go to state 11
    TK_CHAR  shift, and go to state 12
    TK_BOOL  shift, and go to state 13

    EXP  go to state 51


State 36

   26 EXP: EXP '/' . EXP

    TK_ID    shift, and go to state 24
    TK_REAL  shift, and go to state 11
    TK_CHAR  shift, and go to state 12
    TK_BOOL  shift, and go to state 13

    EXP  go to state 52


State 37

   27 EXP: EXP '%' . EXP

    TK_ID    shift, and go to state 24
    TK_REAL  shift, and go to state 11
    TK_CHAR  shift, and go to state 12
    TK_BOOL  shift, and go to state 13

    EXP  go to state 53


State 38

   13 COMMAND: EXP '\n' .

    $default  reduce using rule 13 (COMMAND)


State 39

   20 ATTR: TK_TYPE TK_ID '=' . EXP

    TK_ID    shift, and go to state 24
    TK_REAL  shift, and go to state 11
    TK_CHAR  shift, and go to state 12
    TK_BOOL  shift, and go to state 13

    EXP  go to state 54


State 40

   21 ATTR: TK_NUMBER TK_ID '=' . EXP

    TK_ID    shift, and go to state 24
    TK_REAL  shift, and go to state 11
    TK_CHAR  shift, and go to state 12
    TK_BOOL  shift, and go to state 13

    EXP  go to state 55


State 41

   22 ATTR: TK_ID '=' EXP .
   23 EXP: EXP . '+' EXP
   24    | EXP . '-' EXP
   25    | EXP . '*' EXP
   26    | EXP . '/' EXP
   27    | EXP . '%' EXP
   28    | EXP . TK_RELAT EXP
   29    | EXP . TK_OR EXP
   30    | EXP . TK_AND EXP

    TK_OR     shift, and go to state 30
    TK_AND    shift, and go to state 31
    TK_RELAT  shift, and go to state 32
    '+'       shift, and go to state 33
    '-'       shift, and go to state 34
    '*'       shift, and go to state 35
    '/'       shift, and go to state 36
    '%'       shift, and go to state 37

    $default  reduce using rule 22 (ATTR)


State 42

    3 BLOCK: ':' . COMMANDS TK_END '\n'
    5 IF_COMMAND: TK_IF EXP ':' . COMMANDS ELSE_BLOCK
    6           | TK_IF EXP ':' . COMMANDS ELIF_BLOCK

    TK_TYPE      shift, and go to state 7
    TK_NUMBER    shift, and go to state 8
    TK_ID        shift, and go to state 9
    TK_IF        shift, and go to state 10
    TK_REAL      shift, and go to state 11
    TK_CHAR      shift, and go to state 12
    TK_BOOL      shift, and go to state 13
    TK_OUT_LINE  shift, and go to state 14
    '\n'         shift, and go to state 15

    $default  reduce using rule 12 (COMMANDS)

    IF_COMMAND  go to state 16
    COMMANDS    go to state 56
    COMMAND     go to state 18
    ATTR        go to state 19
    EXP         go to state 20


State 43

    4 IF_COMMAND: TK_IF EXP BLOCK .

    $default  reduce using rule 4 (IF_COMMAND)


State 44

   17 COMMAND: TK_OUT_LINE TK_SHIFT_LEFT EXP . '\n'
   23 EXP: EXP . '+' EXP
   24    | EXP . '-' EXP
   25    | EXP . '*' EXP
   26    | EXP . '/' EXP
   27    | EXP . '%' EXP
   28    | EXP . TK_RELAT EXP
   29    | EXP . TK_OR EXP
   30    | EXP . TK_AND EXP

    TK_OR     shift, and go to state 30
    TK_AND    shift, and go to state 31
    TK_RELAT  shift, and go to state 32
    '+'       shift, and go to state 33
    '-'       shift, and go to state 34
    '*'       shift, and go to state 35
    '/'       shift, and go to state 36
    '%'       shift, and go to state 37
    '\n'      shift, and go to state 57


State 45

    3 BLOCK: ':' COMMANDS TK_END '\n' .

    $default  reduce using rule 3 (BLOCK)


State 46

   23 EXP: EXP . '+' EXP
   24    | EXP . '-' EXP
   25    | EXP . '*' EXP
   26    | EXP . '/' EXP
   27    | EXP . '%' EXP
   28    | EXP . TK_RELAT EXP
   29    | EXP . TK_OR EXP
   29    | EXP TK_OR EXP .
   30    | EXP . TK_AND EXP

    TK_OR     shift, and go to state 30
    TK_AND    shift, and go to state 31
    TK_RELAT  shift, and go to state 32
    '+'       shift, and go to state 33
    '-'       shift, and go to state 34
    '*'       shift, and go to state 35
    '/'       shift, and go to state 36
    '%'       shift, and go to state 37

    TK_OR     [reduce using rule 29 (EXP)]
    TK_AND    [reduce using rule 29 (EXP)]
    TK_RELAT  [reduce using rule 29 (EXP)]
    '+'       [reduce using rule 29 (EXP)]
    '-'       [reduce using rule 29 (EXP)]
    '*'       [reduce using rule 29 (EXP)]
    '/'       [reduce using rule 29 (EXP)]
    '%'       [reduce using rule 29 (EXP)]
    $default  reduce using rule 29 (EXP)


State 47

   23 EXP: EXP . '+' EXP
   24    | EXP . '-' EXP
   25    | EXP . '*' EXP
   26    | EXP . '/' EXP
   27    | EXP . '%' EXP
   28    | EXP . TK_RELAT EXP
   29    | EXP . TK_OR EXP
   30    | EXP . TK_AND EXP
   30    | EXP TK_AND EXP .

    TK_OR     shift, and go to state 30
    TK_AND    shift, and go to state 31
    TK_RELAT  shift, and go to state 32
    '+'       shift, and go to state 33
    '-'       shift, and go to state 34
    '*'       shift, and go to state 35
    '/'       shift, and go to state 36
    '%'       shift, and go to state 37

    TK_OR     [reduce using rule 30 (EXP)]
    TK_AND    [reduce using rule 30 (EXP)]
    TK_RELAT  [reduce using rule 30 (EXP)]
    '+'       [reduce using rule 30 (EXP)]
    '-'       [reduce using rule 30 (EXP)]
    '*'       [reduce using rule 30 (EXP)]
    '/'       [reduce using rule 30 (EXP)]
    '%'       [reduce using rule 30 (EXP)]
    $default  reduce using rule 30 (EXP)


State 48

   23 EXP: EXP . '+' EXP
   24    | EXP . '-' EXP
   25    | EXP . '*' EXP
   26    | EXP . '/' EXP
   27    | EXP . '%' EXP
   28    | EXP . TK_RELAT EXP
   28    | EXP TK_RELAT EXP .
   29    | EXP . TK_OR EXP
   30    | EXP . TK_AND EXP

    TK_OR     shift, and go to state 30
    TK_AND    shift, and go to state 31
    TK_RELAT  shift, and go to state 32
    '+'       shift, and go to state 33
    '-'       shift, and go to state 34
    '*'       shift, and go to state 35
    '/'       shift, and go to state 36
    '%'       shift, and go to state 37

    TK_OR     [reduce using rule 28 (EXP)]
    TK_AND    [reduce using rule 28 (EXP)]
    TK_RELAT  [reduce using rule 28 (EXP)]
    '+'       [reduce using rule 28 (EXP)]
    '-'       [reduce using rule 28 (EXP)]
    '*'       [reduce using rule 28 (EXP)]
    '/'       [reduce using rule 28 (EXP)]
    '%'       [reduce using rule 28 (EXP)]
    $default  reduce using rule 28 (EXP)


State 49

   23 EXP: EXP . '+' EXP
   23    | EXP '+' EXP .
   24    | EXP . '-' EXP
   25    | EXP . '*' EXP
   26    | EXP . '/' EXP
   27    | EXP . '%' EXP
   28    | EXP . TK_RELAT EXP
   29    | EXP . TK_OR EXP
   30    | EXP . TK_AND EXP

    TK_OR     shift, and go to state 30
    TK_AND    shift, and go to state 31
    TK_RELAT  shift, and go to state 32
    '*'       shift, and go to state 35
    '/'       shift, and go to state 36
    '%'       shift, and go to state 37

    TK_OR     [reduce using rule 23 (EXP)]
    TK_AND    [reduce using rule 23 (EXP)]
    TK_RELAT  [reduce using rule 23 (EXP)]
    $default  reduce using rule 23 (EXP)


State 50

   23 EXP: EXP . '+' EXP
   24    | EXP . '-' EXP
   24    | EXP '-' EXP .
   25    | EXP . '*' EXP
   26    | EXP . '/' EXP
   27    | EXP . '%' EXP
   28    | EXP . TK_RELAT EXP
   29    | EXP . TK_OR EXP
   30    | EXP . TK_AND EXP

    TK_OR     shift, and go to state 30
    TK_AND    shift, and go to state 31
    TK_RELAT  shift, and go to state 32
    '*'       shift, and go to state 35
    '/'       shift, and go to state 36
    '%'       shift, and go to state 37

    TK_OR     [reduce using rule 24 (EXP)]
    TK_AND    [reduce using rule 24 (EXP)]
    TK_RELAT  [reduce using rule 24 (EXP)]
    $default  reduce using rule 24 (EXP)


State 51

   23 EXP: EXP . '+' EXP
   24    | EXP . '-' EXP
   25    | EXP . '*' EXP
   25    | EXP '*' EXP .
   26    | EXP . '/' EXP
   27    | EXP . '%' EXP
   28    | EXP . TK_RELAT EXP
   29    | EXP . TK_OR EXP
   30    | EXP . TK_AND EXP

    TK_OR     shift, and go to state 30
    TK_AND    shift, and go to state 31
    TK_RELAT  shift, and go to state 32

    TK_OR     [reduce using rule 25 (EXP)]
    TK_AND    [reduce using rule 25 (EXP)]
    TK_RELAT  [reduce using rule 25 (EXP)]
    $default  reduce using rule 25 (EXP)


State 52

   23 EXP: EXP . '+' EXP
   24    | EXP . '-' EXP
   25    | EXP . '*' EXP
   26    | EXP . '/' EXP
   26    | EXP '/' EXP .
   27    | EXP . '%' EXP
   28    | EXP . TK_RELAT EXP
   29    | EXP . TK_OR EXP
   30    | EXP . TK_AND EXP

    TK_OR     shift, and go to state 30
    TK_AND    shift, and go to state 31
    TK_RELAT  shift, and go to state 32

    TK_OR     [reduce using rule 26 (EXP)]
    TK_AND    [reduce using rule 26 (EXP)]
    TK_RELAT  [reduce using rule 26 (EXP)]
    $default  reduce using rule 26 (EXP)


State 53

   23 EXP: EXP . '+' EXP
   24    | EXP . '-' EXP
   25    | EXP . '*' EXP
   26    | EXP . '/' EXP
   27    | EXP . '%' EXP
   27    | EXP '%' EXP .
   28    | EXP . TK_RELAT EXP
   29    | EXP . TK_OR EXP
   30    | EXP . TK_AND EXP

    TK_OR     shift, and go to state 30
    TK_AND    shift, and go to state 31
    TK_RELAT  shift, and go to state 32

    TK_OR     [reduce using rule 27 (EXP)]
    TK_AND    [reduce using rule 27 (EXP)]
    TK_RELAT  [reduce using rule 27 (EXP)]
    $default  reduce using rule 27 (EXP)


State 54

   20 ATTR: TK_TYPE TK_ID '=' EXP .
   23 EXP: EXP . '+' EXP
   24    | EXP . '-' EXP
   25    | EXP . '*' EXP
   26    | EXP . '/' EXP
   27    | EXP . '%' EXP
   28    | EXP . TK_RELAT EXP
   29    | EXP . TK_OR EXP
   30    | EXP . TK_AND EXP

    TK_OR     shift, and go to state 30
    TK_AND    shift, and go to state 31
    TK_RELAT  shift, and go to state 32
    '+'       shift, and go to state 33
    '-'       shift, and go to state 34
    '*'       shift, and go to state 35
    '/'       shift, and go to state 36
    '%'       shift, and go to state 37

    $default  reduce using rule 20 (ATTR)


State 55

   21 ATTR: TK_NUMBER TK_ID '=' EXP .
   23 EXP: EXP . '+' EXP
   24    | EXP . '-' EXP
   25    | EXP . '*' EXP
   26    | EXP . '/' EXP
   27    | EXP . '%' EXP
   28    | EXP . TK_RELAT EXP
   29    | EXP . TK_OR EXP
   30    | EXP . TK_AND EXP

    TK_OR     shift, and go to state 30
    TK_AND    shift, and go to state 31
    TK_RELAT  shift, and go to state 32
    '+'       shift, and go to state 33
    '-'       shift, and go to state 34
    '*'       shift, and go to state 35
    '/'       shift, and go to state 36
    '%'       shift, and go to state 37

    $default  reduce using rule 21 (ATTR)


State 56

    3 BLOCK: ':' COMMANDS . TK_END '\n'
    5 IF_COMMAND: TK_IF EXP ':' COMMANDS . ELSE_BLOCK
    6           | TK_IF EXP ':' COMMANDS . ELIF_BLOCK

    TK_END   shift, and go to state 27
    TK_ELIF  shift, and go to state 58
    TK_ELSE  shift, and go to state 59

    ELIF_BLOCK  go to state 60
    ELSE_BLOCK  go to state 61


State 57

   17 COMMAND: TK_OUT_LINE TK_SHIFT_LEFT EXP '\n' .

    $default  reduce using rule 17 (COMMAND)


State 58

    7 ELIF_BLOCK: TK_ELIF . EXP BLOCK
    8           | TK_ELIF . EXP ':' COMMANDS ELIF_BLOCK
    9           | TK_ELIF . EXP ':' COMMANDS ELSE_BLOCK

    TK_ID    shift, and go to state 24
    TK_REAL  shift, and go to state 11
    TK_CHAR  shift, and go to state 12
    TK_BOOL  shift, and go to state 13

    EXP  go to state 62


State 59

   10 ELSE_BLOCK: TK_ELSE . BLOCK

    ':'  shift, and go to state 4

    BLOCK  go to state 63


State 60

    6 IF_COMMAND: TK_IF EXP ':' COMMANDS ELIF_BLOCK .

    $default  reduce using rule 6 (IF_COMMAND)


State 61

    5 IF_COMMAND: TK_IF EXP ':' COMMANDS ELSE_BLOCK .

    $default  reduce using rule 5 (IF_COMMAND)


State 62

    7 ELIF_BLOCK: TK_ELIF EXP . BLOCK
    8           | TK_ELIF EXP . ':' COMMANDS ELIF_BLOCK
    9           | TK_ELIF EXP . ':' COMMANDS ELSE_BLOCK
   23 EXP: EXP . '+' EXP
   24    | EXP . '-' EXP
   25    | EXP . '*' EXP
   26    | EXP . '/' EXP
   27    | EXP . '%' EXP
   28    | EXP . TK_RELAT EXP
   29    | EXP . TK_OR EXP
   30    | EXP . TK_AND EXP

    TK_OR     shift, and go to state 30
    TK_AND    shift, and go to state 31
    TK_RELAT  shift, and go to state 32
    '+'       shift, and go to state 33
    '-'       shift, and go to state 34
    '*'       shift, and go to state 35
    '/'       shift, and go to state 36
    '%'       shift, and go to state 37
    ':'       shift, and go to state 64

    BLOCK  go to state 65


State 63

   10 ELSE_BLOCK: TK_ELSE BLOCK .

    $default  reduce using rule 10 (ELSE_BLOCK)


State 64

    3 BLOCK: ':' . COMMANDS TK_END '\n'
    8 ELIF_BLOCK: TK_ELIF EXP ':' . COMMANDS ELIF_BLOCK
    9           | TK_ELIF EXP ':' . COMMANDS ELSE_BLOCK

    TK_TYPE      shift, and go to state 7
    TK_NUMBER    shift, and go to state 8
    TK_ID        shift, and go to state 9
    TK_IF        shift, and go to state 10
    TK_REAL      shift, and go to state 11
    TK_CHAR      shift, and go to state 12
    TK_BOOL      shift, and go to state 13
    TK_OUT_LINE  shift, and go to state 14
    '\n'         shift, and go to state 15

    $default  reduce using rule 12 (COMMANDS)

    IF_COMMAND  go to state 16
    COMMANDS    go to state 66
    COMMAND     go to state 18
    ATTR        go to state 19
    EXP         go to state 20


State 65

    7 ELIF_BLOCK: TK_ELIF EXP BLOCK .

    $default  reduce using rule 7 (ELIF_BLOCK)


State 66

    3 BLOCK: ':' COMMANDS . TK_END '\n'
    8 ELIF_BLOCK: TK_ELIF EXP ':' COMMANDS . ELIF_BLOCK
    9           | TK_ELIF EXP ':' COMMANDS . ELSE_BLOCK

    TK_END   shift, and go to state 27
    TK_ELIF  shift, and go to state 58
    TK_ELSE  shift, and go to state 59

    ELIF_BLOCK  go to state 67
    ELSE_BLOCK  go to state 68


State 67

    8 ELIF_BLOCK: TK_ELIF EXP ':' COMMANDS ELIF_BLOCK .

    $default  reduce using rule 8 (ELIF_BLOCK)


State 68

    9 ELIF_BLOCK: TK_ELIF EXP ':' COMMANDS ELSE_BLOCK .

    $default  reduce using rule 9 (ELIF_BLOCK)
